<?xml version="1.0" encoding="UTF-8"?>
<!-- Generated by org.testng.reporters.JUnitReportReporter -->
<testsuite hostname="DESKTOP-KSUDC9C" failures="0" tests="10" name="com.trainermanagement.scripts.TestClass" time="113.523" errors="0" timestamp="2022-03-20T14:15:13 IST" skipped="0">
  <testcase classname="com.trainermanagement.scripts.TestClass" name="homepage" time="7.302"/>
  <system-out/>
  <testcase classname="com.trainermanagement.scripts.TestClass" name="footer" time="4.764"/>
  <system-out/>
  <testcase classname="com.trainermanagement.scripts.TestClass" name="InvalidAdminLogin" time="20.768"/>
  <system-out/>
  <testcase classname="com.trainermanagement.scripts.TestClass" name="InvalidLogin" time="18.010"/>
  <system-out/>
  <testcase classname="com.trainermanagement.scripts.TestClass" name="verifyValidLogin" time="10.179"/>
  <system-out/>
  <testcase classname="com.trainermanagement.scripts.TestClass" name="editprofile" time="2.928"/>
  <system-out/>
  <testcase classname="com.trainermanagement.scripts.TestClass" name="verifyValidAdminLogin" time="8.838"/>
  <system-out/>
  <testcase classname="com.trainermanagement.scripts.TestClass" name="verifyAllocatePage" time="12.709"/>
  <system-out/>
  <testcase classname="com.trainermanagement.scripts.TestClass" name="varifyInvalidSignup" time="17.537"/>
  <system-out/>
  <testcase classname="com.trainermanagement.scripts.TestClass" name="signup" time="10.488"/>
  <system-out/>
</testsuite> <!-- com.trainermanagement.scripts.TestClass -->
