<?xml version="1.0" encoding="UTF-8"?>
<!-- Generated by org.testng.reporters.JUnitReportReporter -->
<testsuite hostname="DESKTOP-KSUDC9C" failures="0" tests="1" name="com.trainermanagement.scripts.TestClassSignUp" time="0.000" errors="0" timestamp="2022-03-03T13:45:11 IST" skipped="1">
  <testcase classname="com.trainermanagement.scripts.TestClassSignUp" name="Signup" time="0.000">
    <skipped/>
  </testcase> <!-- Signup -->
  <system-out/>
</testsuite> <!-- com.trainermanagement.scripts.TestClassSignUp -->
