<?xml version="1.0" encoding="UTF-8"?>
<!-- Generated by org.testng.reporters.JUnitReportReporter -->
<testsuite hostname="DESKTOP-KSUDC9C" failures="0" tests="4" name="com.swaglabs1.scripts.TestClass" time="12.022" errors="0" timestamp="2022-01-30T12:19:25 IST" skipped="0">
  <testcase classname="com.swaglabs1.scripts.TestClass" name="verifyinValidLogin" time="4.455"/>
  <system-out/>
  <testcase classname="com.swaglabs1.scripts.TestClass" name="verifyinValidLogin" time="5.589"/>
  <system-out/>
  <testcase classname="com.swaglabs1.scripts.TestClass" name="verifyValidLogin" time="1.429"/>
  <system-out/>
  <testcase classname="com.swaglabs1.scripts.TestClass" name="verifyValidLogin" time="0.549"/>
  <system-out/>
</testsuite> <!-- com.swaglabs1.scripts.TestClass -->
